0 verbose cli C:\Program Files\nodejs\node.exe C:\Program Files\nodejs\node_modules\npm\bin\npm-cli.js
1 info using npm@10.9.2
2 info using node@v22.14.0
3 silly config load:file:C:\Program Files\nodejs\node_modules\npm\npmrc
4 silly config load:file:C:\MiniMem-main\MiniMem\integrations\openclaw-plugin\.npmrc
5 silly config load:file:C:\Users\user\.npmrc
6 silly config load:file:C:\Users\user\AppData\Roaming\npm\etc\npmrc
7 verbose title npm publish
8 verbose argv "publish" "--registry" "https://npm.pkg.github.com" "--access" "public"
9 verbose logfile logs-max:10 dir:C:\MiniMem-main\MiniMem\.tmp_npm_cache_publish\_logs\2026-03-04T09_31_54_200Z-
10 verbose logfile C:\MiniMem-main\MiniMem\.tmp_npm_cache_publish\_logs\2026-03-04T09_31_54_200Z-debug-0.log
11 silly logfile start cleaning logs, removing 1 files
12 verbose publish [ '.' ]
13 silly logfile done cleaning log files
14 silly packumentCache heap:2197815296 maxSize:549453824 maxEntrySize:274726912
15 notice
16 notice package: @gengxy1216/minimem-memory@0.1.1
17 notice Tarball Contents
18 notice 7.0kB README.md
18 notice 906B examples/AGENTS.memory-policy.md
18 notice 36.1kB index.ts
18 notice 11.0kB install.ps1
18 notice 7.9kB install.sh
18 notice 5.9kB openclaw.plugin.json
18 notice 1.2kB package.json
19 notice Tarball Details
20 notice name: @gengxy1216/minimem-memory
21 notice version: 0.1.1
22 notice filename: gengxy1216-minimem-memory-0.1.1.tgz
23 notice package size: 17.6 kB
24 notice unpacked size: 70.0 kB
25 notice shasum: 18e0df94fa8b92cca718a294065a23a9302aaed4
26 notice integrity: sha512-wEwzFbGwAXvQO[...]kgqK2j1Pxh5QA==
27 notice total files: 7
28 notice
29 notice Publishing to https://npm.pkg.github.com with tag latest and public access
30 http fetch PUT 403 https://npm.pkg.github.com/@gengxy1216%2fminimem-memory 1234ms
31 verbose stack HttpErrorGeneral: 403 Forbidden - PUT https://npm.pkg.github.com/@gengxy1216%2fminimem-memory - Permission permission_denied: The token provided does not match expected scopes.
31 verbose stack     at C:\Program Files\nodejs\node_modules\npm\node_modules\npm-registry-fetch\lib\check-response.js:103:15
31 verbose stack     at process.processTicksAndRejections (node:internal/process/task_queues:105:5)
31 verbose stack     at async publish (C:\Program Files\nodejs\node_modules\npm\node_modules\libnpmpublish\lib\publish.js:53:15)
31 verbose stack     at async otplease (C:\Program Files\nodejs\node_modules\npm\lib\utils\auth.js:8:12)
31 verbose stack     at async #publish (C:\Program Files\nodejs\node_modules\npm\lib\commands\publish.js:162:7)
31 verbose stack     at async Publish.exec (C:\Program Files\nodejs\node_modules\npm\lib\commands\publish.js:46:5)
31 verbose stack     at async Npm.exec (C:\Program Files\nodejs\node_modules\npm\lib\npm.js:207:9)
31 verbose stack     at async module.exports (C:\Program Files\nodejs\node_modules\npm\lib\cli\entry.js:74:5)
32 verbose statusCode 403
33 verbose pkgid @gengxy1216/minimem-memory@0.1.1
34 error code E403
35 error 403 403 Forbidden - PUT https://npm.pkg.github.com/@gengxy1216%2fminimem-memory - Permission permission_denied: The token provided does not match expected scopes.
36 error 403 In most cases, you or one of your dependencies are requesting
36 error 403 a package version that is forbidden by your security policy, or
36 error 403 on a server you do not have access to.
37 verbose cwd C:\MiniMem-main\MiniMem\integrations\openclaw-plugin
38 verbose os Windows_NT 10.0.26200
39 verbose node v22.14.0
40 verbose npm  v10.9.2
41 verbose exit 1
42 verbose code 1
43 error A complete log of this run can be found in: C:\MiniMem-main\MiniMem\.tmp_npm_cache_publish\_logs\2026-03-04T09_31_54_200Z-debug-0.log
