0 verbose cli C:\Program Files\nodejs\node.exe C:\Program Files\nodejs\node_modules\npm\bin\npm-cli.js
1 info using npm@10.9.2
2 info using node@v22.14.0
3 silly config load:file:C:\Program Files\nodejs\node_modules\npm\npmrc
4 silly config load:file:C:\MiniMem-main\MiniMem\integrations\openclaw-plugin\.npmrc
5 silly config load:file:C:\Users\user\.npmrc
6 silly config load:file:C:\Users\user\AppData\Roaming\npm\etc\npmrc
7 verbose title npm publish
8 verbose argv "publish" "--registry" "https://npm.pkg.github.com" "--access" "public"
9 verbose logfile logs-max:10 dir:C:\MiniMem-main\MiniMem\.tmp_npm_cache_publish\_logs\2026-03-04T09_11_10_930Z-
10 verbose logfile C:\MiniMem-main\MiniMem\.tmp_npm_cache_publish\_logs\2026-03-04T09_11_10_930Z-debug-0.log
11 silly logfile done cleaning log files
12 verbose publish [ '.' ]
13 silly packumentCache heap:2197815296 maxSize:549453824 maxEntrySize:274726912
14 notice
15 notice package: @gengxy1216/minimem-memory@0.1.1
16 notice Tarball Contents
17 notice 7.0kB README.md
17 notice 906B examples/AGENTS.memory-policy.md
17 notice 36.1kB index.ts
17 notice 11.0kB install.ps1
17 notice 7.9kB install.sh
17 notice 5.9kB openclaw.plugin.json
17 notice 1.2kB package.json
18 notice Tarball Details
19 notice name: @gengxy1216/minimem-memory
20 notice version: 0.1.1
21 notice filename: gengxy1216-minimem-memory-0.1.1.tgz
22 notice package size: 17.6 kB
23 notice unpacked size: 70.0 kB
24 notice shasum: 18e0df94fa8b92cca718a294065a23a9302aaed4
25 notice integrity: sha512-wEwzFbGwAXvQO[...]kgqK2j1Pxh5QA==
26 notice total files: 7
27 notice
28 notice Publishing to https://npm.pkg.github.com with tag latest and public access
29 http fetch PUT 401 https://npm.pkg.github.com/@gengxy1216%2fminimem-memory 792ms
30 verbose stack HttpErrorGeneral: 401 Unauthorized - PUT https://npm.pkg.github.com/@gengxy1216%2fminimem-memory - unauthenticated: User cannot be authenticated with the token provided.
30 verbose stack     at C:\Program Files\nodejs\node_modules\npm\node_modules\npm-registry-fetch\lib\check-response.js:103:15
30 verbose stack     at process.processTicksAndRejections (node:internal/process/task_queues:105:5)
30 verbose stack     at async publish (C:\Program Files\nodejs\node_modules\npm\node_modules\libnpmpublish\lib\publish.js:53:15)
30 verbose stack     at async otplease (C:\Program Files\nodejs\node_modules\npm\lib\utils\auth.js:8:12)
30 verbose stack     at async #publish (C:\Program Files\nodejs\node_modules\npm\lib\commands\publish.js:162:7)
30 verbose stack     at async Publish.exec (C:\Program Files\nodejs\node_modules\npm\lib\commands\publish.js:46:5)
30 verbose stack     at async Npm.exec (C:\Program Files\nodejs\node_modules\npm\lib\npm.js:207:9)
30 verbose stack     at async module.exports (C:\Program Files\nodejs\node_modules\npm\lib\cli\entry.js:74:5)
31 verbose statusCode 401
32 verbose pkgid @gengxy1216/minimem-memory@0.1.1
33 error code E401
34 error 401 Unauthorized - PUT https://npm.pkg.github.com/@gengxy1216%2fminimem-memory - unauthenticated: User cannot be authenticated with the token provided.
35 verbose cwd C:\MiniMem-main\MiniMem\integrations\openclaw-plugin
36 verbose os Windows_NT 10.0.26200
37 verbose node v22.14.0
38 verbose npm  v10.9.2
39 verbose exit 1
40 verbose code 1
41 error A complete log of this run can be found in: C:\MiniMem-main\MiniMem\.tmp_npm_cache_publish\_logs\2026-03-04T09_11_10_930Z-debug-0.log
