0 verbose cli C:\Program Files\nodejs\node.exe C:\Program Files\nodejs\node_modules\npm\bin\npm-cli.js
1 info using npm@10.9.2
2 info using node@v22.14.0
3 silly config load:file:C:\Program Files\nodejs\node_modules\npm\npmrc
4 silly config load:file:C:\MiniMem-main\MiniMem\integrations\openclaw-plugin\.npmrc
5 silly config load:file:C:\Users\user\.npmrc
6 silly config load:file:C:\Users\user\AppData\Roaming\npm\etc\npmrc
7 verbose title npm whoami
8 verbose argv "whoami" "--registry" "https://npm.pkg.github.com" "--scope" "@gengxy1216"
9 verbose logfile logs-max:10 dir:C:\MiniMem-main\MiniMem\.tmp_npm_cache_publish\_logs\2026-03-04T08_55_38_884Z-
10 verbose logfile C:\MiniMem-main\MiniMem\.tmp_npm_cache_publish\_logs\2026-03-04T08_55_38_884Z-debug-0.log
11 silly logfile done cleaning log files
12 http fetch GET 403 https://npm.pkg.github.com/-/whoami 1687ms (cache skip)
13 verbose stack HttpErrorGeneral: 403 Forbidden - GET https://npm.pkg.github.com/-/whoami - Permission denied
13 verbose stack     at C:\Program Files\nodejs\node_modules\npm\node_modules\npm-registry-fetch\lib\check-response.js:103:15
13 verbose stack     at process.processTicksAndRejections (node:internal/process/task_queues:105:5)
13 verbose stack     at async module.exports (C:\Program Files\nodejs\node_modules\npm\lib\utils\get-identity.js:14:26)
13 verbose stack     at async Whoami.exec (C:\Program Files\nodejs\node_modules\npm\lib\commands\whoami.js:11:22)
13 verbose stack     at async Npm.exec (C:\Program Files\nodejs\node_modules\npm\lib\npm.js:207:9)
13 verbose stack     at async module.exports (C:\Program Files\nodejs\node_modules\npm\lib\cli\entry.js:74:5)
14 verbose statusCode 403
15 error code E403
16 error 403 403 Forbidden - GET https://npm.pkg.github.com/-/whoami - Permission denied
17 error 403 In most cases, you or one of your dependencies are requesting
17 error 403 a package version that is forbidden by your security policy, or
17 error 403 on a server you do not have access to.
18 verbose cwd C:\MiniMem-main\MiniMem\integrations\openclaw-plugin
19 verbose os Windows_NT 10.0.26200
20 verbose node v22.14.0
21 verbose npm  v10.9.2
22 verbose exit 1
23 verbose code 1
24 error A complete log of this run can be found in: C:\MiniMem-main\MiniMem\.tmp_npm_cache_publish\_logs\2026-03-04T08_55_38_884Z-debug-0.log
