0 verbose cli C:\Program Files\nodejs\node.exe C:\Program Files\nodejs\node_modules\npm\bin\npm-cli.js
1 info using npm@10.9.2
2 info using node@v22.14.0
3 silly config load:file:C:\Program Files\nodejs\node_modules\npm\npmrc
4 silly config load:file:C:\MiniMem-main\MiniMem\integrations\openclaw-plugin\.npmrc
5 silly config load:file:C:\Users\user\.npmrc
6 silly config load:file:C:\Users\user\AppData\Roaming\npm\etc\npmrc
7 verbose title npm pack
8 verbose argv "pack" "--dry-run"
9 verbose logfile logs-max:10 dir:C:\MiniMem-main\MiniMem\.tmp_npm_cache_publish\_logs\2026-03-04T09_11_08_904Z-
10 verbose logfile C:\MiniMem-main\MiniMem\.tmp_npm_cache_publish\_logs\2026-03-04T09_11_08_904Z-debug-0.log
11 silly logfile done cleaning log files
12 silly packumentCache heap:2197815296 maxSize:549453824 maxEntrySize:274726912
13 notice
14 notice package: @gengxy1216/minimem-memory@0.1.1
15 notice Tarball Contents
16 notice 7.0kB README.md
16 notice 906B examples/AGENTS.memory-policy.md
16 notice 36.1kB index.ts
16 notice 11.0kB install.ps1
16 notice 7.9kB install.sh
16 notice 5.9kB openclaw.plugin.json
16 notice 1.2kB package.json
17 notice Tarball Details
18 notice name: @gengxy1216/minimem-memory
19 notice version: 0.1.1
20 notice filename: gengxy1216-minimem-memory-0.1.1.tgz
21 notice package size: 17.6 kB
22 notice unpacked size: 70.0 kB
23 notice shasum: 18e0df94fa8b92cca718a294065a23a9302aaed4
24 notice integrity: sha512-wEwzFbGwAXvQO[...]kgqK2j1Pxh5QA==
25 notice total files: 7
26 notice
27 verbose cwd C:\MiniMem-main\MiniMem\integrations\openclaw-plugin
28 verbose os Windows_NT 10.0.26200
29 verbose node v22.14.0
30 verbose npm  v10.9.2
31 verbose exit 0
32 info ok
